-------------------------------------------------------------------------------
Test set: com.manage.HmanageJavaApplicationTests
-------------------------------------------------------------------------------
Tests run: 1, Failures: 0, Errors: 1, Skipped: 0, Time elapsed: 7.983 s <<< FAILURE! - in com.manage.HmanageJavaApplicationTests
contextLoads  Time elapsed: 0.011 s  <<< ERROR!
java.lang.IllegalStateException: Failed to load ApplicationContext
Caused by: org.springframework.beans.factory.UnsatisfiedDependencyException: Error creating bean with name 'securityConfig': Unsatisfied dependency expressed through field 'adminService'; nested exception is org.springframework.beans.factory.UnsatisfiedDependencyException: Error creating bean with name 'umsAdminServiceImpl': Unsatisfied dependency expressed through field 'adminCacheService'; nested exception is org.springframework.beans.factory.BeanCreationException: Error creating bean with name 'umsAdminCacheServiceImpl': Injection of autowired dependencies failed; nested exception is java.lang.IllegalArgumentException: Could not resolve placeholder 'redis.database' in value "${redis.database}"
Caused by: org.springframework.beans.factory.UnsatisfiedDependencyException: Error creating bean with name 'umsAdminServiceImpl': Unsatisfied dependency expressed through field 'adminCacheService'; nested exception is org.springframework.beans.factory.BeanCreationException: Error creating bean with name 'umsAdminCacheServiceImpl': Injection of autowired dependencies failed; nested exception is java.lang.IllegalArgumentException: Could not resolve placeholder 'redis.database' in value "${redis.database}"
Caused by: org.springframework.beans.factory.BeanCreationException: Error creating bean with name 'umsAdminCacheServiceImpl': Injection of autowired dependencies failed; nested exception is java.lang.IllegalArgumentException: Could not resolve placeholder 'redis.database' in value "${redis.database}"
Caused by: java.lang.IllegalArgumentException: Could not resolve placeholder 'redis.database' in value "${redis.database}"

